-- The C compiler identification is GNU 13.3.0
-- The CXX compiler identification is GNU 13.3.0
-- Detecting C compiler ABI info
-- Detecting C compiler ABI info - done
-- Check for working C compiler: /usr/bin/cc - skipped
-- Detecting C compile features
-- Detecting C compile features - done
-- Detecting CXX compiler ABI info
-- Detecting CXX compiler ABI info - done
-- Check for working CXX compiler: /usr/bin/c++ - skipped
-- Detecting CXX compile features
-- Detecting CXX compile features - done
-- OpenJPH library version: 0.29.0
-- CPU Architecture is OJPH_ARCH_X86_64
-- Building Release
-- C Standard is set to 11
-- C++ Standard is set to 14
-- Looking for aligned_alloc
-- Looking for aligned_alloc - found
-- Configuring done (3.1s)
-- Generating done (0.0s)
-- Build files have been written to: /home/dariosarra/Documents/Limen/My_Zepio/openjph-bindings/julia/OpenJPH.jl/deps/native_cmake_build
[  7%] Building CXX object _deps/openjph-build/src/core/CMakeFiles/openjph.dir/codestream/ojph_codeblock.cpp.o
[  7%] Building CXX object _deps/openjph-build/src/core/CMakeFiles/openjph.dir/codestream/ojph_codestream.cpp.o
[  7%] Building CXX object _deps/openjph-build/src/core/CMakeFiles/openjph.dir/codestream/ojph_codeblock_fun.cpp.o
[  9%] Building CXX object _deps/openjph-build/src/core/CMakeFiles/openjph.dir/codestream/ojph_codestream_gen.cpp.o
[ 11%] Building CXX object _deps/openjph-build/src/core/CMakeFiles/openjph.dir/codestream/ojph_precinct.cpp.o
[ 16%] Building CXX object _deps/openjph-build/src/core/CMakeFiles/openjph.dir/codestream/ojph_params.cpp.o
[ 16%] Building CXX object _deps/openjph-build/src/core/CMakeFiles/openjph.dir/codestream/ojph_codestream_local.cpp.o
[ 19%] Building CXX object _deps/openjph-build/src/core/CMakeFiles/openjph.dir/codestream/ojph_resolution.cpp.o
[ 21%] Building CXX object _deps/openjph-build/src/core/CMakeFiles/openjph.dir/codestream/ojph_subband.cpp.o
[ 23%] Building CXX object _deps/openjph-build/src/core/CMakeFiles/openjph.dir/coding/ojph_block_decoder64.cpp.o
[ 33%] Building CXX object _deps/openjph-build/src/core/CMakeFiles/openjph.dir/codestream/ojph_tile.cpp.o
[ 35%] Building CXX object _deps/openjph-build/src/core/CMakeFiles/openjph.dir/coding/ojph_block_decoder32.cpp.o
[ 33%] Building CXX object _deps/openjph-build/src/core/CMakeFiles/openjph.dir/coding/ojph_block_encoder.cpp.o
[ 38%] Building CXX object _deps/openjph-build/src/core/CMakeFiles/openjph.dir/codestream/ojph_tile_comp.cpp.o
[ 40%] Building C object _deps/openjph-build/src/core/CMakeFiles/openjph.dir/others/ojph_mem_c.c.o
[ 33%] Building CXX object _deps/openjph-build/src/core/CMakeFiles/openjph.dir/others/ojph_file.cpp.o
[ 40%] Building CXX object _deps/openjph-build/src/core/CMakeFiles/openjph.dir/coding/ojph_block_common.cpp.o
[ 42%] Building CXX object _deps/openjph-build/src/core/CMakeFiles/openjph.dir/others/ojph_message.cpp.o
[ 45%] Building CXX object _deps/openjph-build/src/core/CMakeFiles/openjph.dir/others/ojph_arch.cpp.o
[ 47%] Building CXX object _deps/openjph-build/src/core/CMakeFiles/openjph.dir/others/ojph_mem.cpp.o
[ 50%] Building CXX object _deps/openjph-build/src/core/CMakeFiles/openjph.dir/transform/ojph_transform.cpp.o
[ 52%] Building CXX object _deps/openjph-build/src/core/CMakeFiles/openjph.dir/transform/ojph_colour.cpp.o
[ 54%] Building CXX object _deps/openjph-build/src/core/CMakeFiles/openjph.dir/codestream/ojph_codestream_sse.cpp.o
[ 57%] Building CXX object _deps/openjph-build/src/core/CMakeFiles/openjph.dir/transform/ojph_colour_sse.cpp.o
[ 59%] Building CXX object _deps/openjph-build/src/core/CMakeFiles/openjph.dir/transform/ojph_transform_sse.cpp.o
[ 61%] Building CXX object _deps/openjph-build/src/core/CMakeFiles/openjph.dir/codestream/ojph_codestream_sse2.cpp.o
[ 64%] Building CXX object _deps/openjph-build/src/core/CMakeFiles/openjph.dir/transform/ojph_colour_sse2.cpp.o
[ 66%] Building CXX object _deps/openjph-build/src/core/CMakeFiles/openjph.dir/coding/ojph_block_decoder_ssse3.cpp.o
[ 69%] Building CXX object _deps/openjph-build/src/core/CMakeFiles/openjph.dir/transform/ojph_transform_sse2.cpp.o
[ 71%] Building CXX object _deps/openjph-build/src/core/CMakeFiles/openjph.dir/codestream/ojph_codestream_avx.cpp.o
[ 73%] Building CXX object _deps/openjph-build/src/core/CMakeFiles/openjph.dir/transform/ojph_colour_avx.cpp.o
[ 76%] Building CXX object _deps/openjph-build/src/core/CMakeFiles/openjph.dir/codestream/ojph_codestream_avx2.cpp.o
[ 78%] Building CXX object _deps/openjph-build/src/core/CMakeFiles/openjph.dir/transform/ojph_colour_avx2.cpp.o
[ 80%] Building CXX object _deps/openjph-build/src/core/CMakeFiles/openjph.dir/transform/ojph_transform_avx.cpp.o
[ 83%] Building CXX object _deps/openjph-build/src/core/CMakeFiles/openjph.dir/transform/ojph_transform_avx2.cpp.o
[ 85%] Building CXX object _deps/openjph-build/src/core/CMakeFiles/openjph.dir/coding/ojph_block_decoder_avx2.cpp.o
[ 88%] Building CXX object _deps/openjph-build/src/core/CMakeFiles/openjph.dir/coding/ojph_block_encoder_avx2.cpp.o
[ 90%] Building CXX object _deps/openjph-build/src/core/CMakeFiles/openjph.dir/coding/ojph_block_encoder_avx512.cpp.o
[ 92%] Building CXX object _deps/openjph-build/src/core/CMakeFiles/openjph.dir/transform/ojph_transform_avx512.cpp.o
[ 95%] Linking CXX static library libopenjph.a
[ 95%] Built target openjph
[ 97%] Building CXX object CMakeFiles/openjph_c.dir/src/openjph_c.cpp.o
[100%] Linking CXX shared library libopenjph_c.so
[100%] Built target openjph_c
┌ Info: Downloading pre-built libopenjph_c...
└   url = "https://github.com/LimenResearch/openjph-bindings/releases/download/v0.1.0/libopenjph_c-linux-x86_64.so"
┌ Warning: Download failed, falling back to source build.
│   err = RequestError: HTTP/2 404 while requesting https://github.com/LimenResearch/openjph-bindings/releases/download/v0.1.0/libopenjph_c-linux-x86_64.so
└ @ Main ~/Documents/Limen/My_Zepio/openjph-bindings/julia/OpenJPH.jl/deps/build.jl:49
┌ Info: Building from NATIVE_PATH.
└   path = "/home/dariosarra/Documents/Limen/My_Zepio/openjph-bindings/native"
┌ Info: Configuring native library...
│   src = "/home/dariosarra/Documents/Limen/My_Zepio/openjph-bindings/native"
└   build = "/home/dariosarra/Documents/Limen/My_Zepio/openjph-bindings/julia/OpenJPH.jl/deps/native_cmake_build"
[ Info: Compiling libopenjph_c (24 threads)...
┌ Info: Build complete.
└   lib = "/home/dariosarra/Documents/Limen/My_Zepio/openjph-bindings/julia/OpenJPH.jl/deps/libopenjph_c.so"
┌ Info: Build complete (NATIVE_PATH).
└   lib = "/home/dariosarra/Documents/Limen/My_Zepio/openjph-bindings/julia/OpenJPH.jl/deps/libopenjph_c.so"
